Flow report for 11
Fri Jun 18 10:39:57 2021
Quartus II Version 9.1 Build 350 03/24/2010 Service Pack 2 SJ Web Edition


---------------------
; Table of Contents ;
---------------------
  1. Legal Notice
  2. Flow Summary
  3. Flow Settings
  4. Flow Non-Default Global Settings
  5. Flow Elapsed Time
  6. Flow OS Summary
  7. Flow Log



----------------
; Legal Notice ;
----------------
Copyright (C) 1991-2010 Altera Corporation
Your use of Altera Corporation's design tools, logic functions 
and other software and tools, and its AMPP partner logic 
functions, and any output files from any of the foregoing 
(including device programming or simulation files), and any 
associated documentation or information are expressly subject 
to the terms and conditions of the Altera Program License 
Subscription Agreement, Altera MegaCore Function License 
Agreement, or other applicable license agreement, including, 
without limitation, that your use is for the sole purpose of 
programming logic devices manufactured by Altera and sold by 
Altera or its authorized distributors.  Please refer to the 
applicable agreement for further details.



+-----------------------------------------------------------------------------------+
; Flow Summary                                                                      ;
+------------------------------------+----------------------------------------------+
; Flow Status                        ; Successful - Fri Jun 18 10:39:57 2021        ;
; Quartus II Version                 ; 9.1 Build 350 03/24/2010 SP 2 SJ Web Edition ;
; Revision Name                      ; 11                                           ;
; Top-level Entity Name              ; xuliefashengqi                               ;
; Family                             ; Cyclone II                                   ;
; Device                             ; EP2C8Q208C8                                  ;
; Timing Models                      ; Final                                        ;
; Met timing requirements            ; Yes                                          ;
; Total logic elements               ; 4 / 8,256 ( < 1 % )                          ;
;     Total combinational functions  ; 4 / 8,256 ( < 1 % )                          ;
;     Dedicated logic registers      ; 3 / 8,256 ( < 1 % )                          ;
; Total registers                    ; 3                                            ;
; Total pins                         ; 6 / 138 ( 4 % )                              ;
; Total virtual pins                 ; 0                                            ;
; Total memory bits                  ; 0 / 165,888 ( 0 % )                          ;
; Embedded Multiplier 9-bit elements ; 0 / 36 ( 0 % )                               ;
; Total PLLs                         ; 0 / 2 ( 0 % )                                ;
+------------------------------------+----------------------------------------------+


+-----------------------------------------+
; Flow Settings                           ;
+-------------------+---------------------+
; Option            ; Setting             ;
+-------------------+---------------------+
; Start date & time ; 06/18/2021 10:39:52 ;
; Main task         ; Compilation         ;
; Revision Name     ; 11                  ;
+-------------------+---------------------+


+----------------------------------------------------------------------------------------------------------------------+
; Flow Non-Default Global Settings                                                                                     ;
+------------------------------------+-------------------------------+---------------+----------------+----------------+
; Assignment Name                    ; Value                         ; Default Value ; Entity Name    ; Section Id     ;
+------------------------------------+-------------------------------+---------------+----------------+----------------+
; COMPILER_SIGNATURE_ID              ; 1098724375316.162398399208372 ; --            ; --             ; --             ;
; MAX_CORE_JUNCTION_TEMP             ; 85                            ; --            ; --             ; --             ;
; MIN_CORE_JUNCTION_TEMP             ; 0                             ; --            ; --             ; --             ;
; PARTITION_COLOR                    ; 16764057                      ; --            ; xuliefashengqi ; Top            ;
; PARTITION_NETLIST_TYPE             ; SOURCE                        ; --            ; xuliefashengqi ; Top            ;
; TOP_LEVEL_ENTITY                   ; xuliefashengqi                ; 11            ; --             ; --             ;
; USE_GENERATED_PHYSICAL_CONSTRAINTS ; Off                           ; --            ; --             ; eda_blast_fpga ;
+------------------------------------+-------------------------------+---------------+----------------+----------------+


+-----------------------------------------------------------------------------------------------------------------------------+
; Flow Elapsed Time                                                                                                           ;
+-------------------------+--------------+-------------------------+---------------------+------------------------------------+
; Module Name             ; Elapsed Time ; Average Processors Used ; Peak Virtual Memory ; Total CPU Time (on all processors) ;
+-------------------------+--------------+-------------------------+---------------------+------------------------------------+
; Analysis & Synthesis    ; 00:00:01     ; 1.0                     ; 250 MB              ; 00:00:01                           ;
; Fitter                  ; 00:00:02     ; 1.0                     ; 273 MB              ; 00:00:02                           ;
; Assembler               ; 00:00:01     ; 1.0                     ; 238 MB              ; 00:00:01                           ;
; Classic Timing Analyzer ; 00:00:00     ; 1.0                     ; 192 MB              ; 00:00:00                           ;
; Total                   ; 00:00:04     ; --                      ; --                  ; 00:00:04                           ;
+-------------------------+--------------+-------------------------+---------------------+------------------------------------+


+------------------------------------------------------------------------------------------+
; Flow OS Summary                                                                          ;
+-------------------------+------------------+---------------+------------+----------------+
; Module Name             ; Machine Hostname ; OS Name       ; OS Version ; Processor type ;
+-------------------------+------------------+---------------+------------+----------------+
; Analysis & Synthesis    ; LAPTOP-QR49FHQR  ; Windows Vista ; 6.2        ; x86_64         ;
; Fitter                  ; LAPTOP-QR49FHQR  ; Windows Vista ; 6.2        ; x86_64         ;
; Assembler               ; LAPTOP-QR49FHQR  ; Windows Vista ; 6.2        ; x86_64         ;
; Classic Timing Analyzer ; LAPTOP-QR49FHQR  ; Windows Vista ; 6.2        ; x86_64         ;
+-------------------------+------------------+---------------+------------+----------------+


------------
; Flow Log ;
------------
quartus_map --read_settings_files=on --write_settings_files=off 11 -c 11
quartus_fit --read_settings_files=off --write_settings_files=off 11 -c 11
quartus_asm --read_settings_files=off --write_settings_files=off 11 -c 11
quartus_tan --read_settings_files=off --write_settings_files=off 11 -c 11 --timing_analysis_only



