Classic Timing Analyzer report for df
Sun May 10 22:53:18 2020
Quartus II Version 9.1 Build 350 03/24/2010 Service Pack 2 SJ Web Edition


---------------------
; Table of Contents ;
---------------------
  1. Legal Notice
  2. Timing Analyzer Summary
  3. Timing Analyzer Settings
  4. Clock Settings Summary
  5. Parallel Compilation
  6. Clock Setup: 'CLK'
  7. tsu
  8. tco
  9. tpd
 10. th
 11. Timing Analyzer Messages



----------------
; Legal Notice ;
----------------
Copyright (C) 1991-2010 Altera Corporation
Your use of Altera Corporation's design tools, logic functions 
and other software and tools, and its AMPP partner logic 
functions, and any output files from any of the foregoing 
(including device programming or simulation files), and any 
associated documentation or information are expressly subject 
to the terms and conditions of the Altera Program License 
Subscription Agreement, Altera MegaCore Function License 
Agreement, or other applicable license agreement, including, 
without limitation, that your use is for the sole purpose of 
programming logic devices manufactured by Altera and sold by 
Altera or its authorized distributors.  Please refer to the 
applicable agreement for further details.



+----------------------------------------------------------------------------------------------------------------------------------------------------------------------------+
; Timing Analyzer Summary                                                                                                                                                    ;
+------------------------------+-------+---------------+------------------------------------------------+--------------+--------------+------------+----------+--------------+
; Type                         ; Slack ; Required Time ; Actual Time                                    ; From         ; To           ; From Clock ; To Clock ; Failed Paths ;
+------------------------------+-------+---------------+------------------------------------------------+--------------+--------------+------------+----------+--------------+
; Worst-case tsu               ; N/A   ; None          ; 3.385 ns                                       ; ZERO         ; 7474:inst|9  ; --         ; CLK      ; 0            ;
; Worst-case tco               ; N/A   ; None          ; 7.116 ns                                       ; 7474:inst|10 ; Shift_En     ; CLK        ; --       ; 0            ;
; Worst-case tpd               ; N/A   ; None          ; 8.367 ns                                       ; Q0           ; Adder_En     ; --         ; --       ; 0            ;
; Worst-case th                ; N/A   ; None          ; -2.511 ns                                      ; START        ; 7474:inst|10 ; --         ; CLK      ; 0            ;
; Clock Setup: 'CLK'           ; N/A   ; None          ; Restricted to 500.00 MHz ( period = 2.000 ns ) ; 7474:inst|10 ; 7474:inst|10 ; CLK        ; CLK      ; 0            ;
; Total number of failed paths ;       ;               ;                                                ;              ;              ;            ;          ; 0            ;
+------------------------------+-------+---------------+------------------------------------------------+--------------+--------------+------------+----------+--------------+


+-----------------------------------------------------------------------------------------------------------------------------------------------------+
; Timing Analyzer Settings                                                                                                                            ;
+------------------------------------------------------------------------------------------------------+--------------------+------+----+-------------+
; Option                                                                                               ; Setting            ; From ; To ; Entity Name ;
+------------------------------------------------------------------------------------------------------+--------------------+------+----+-------------+
; Device Name                                                                                          ; EP2S15F484C3       ;      ;    ;             ;
; Timing Models                                                                                        ; Final              ;      ;    ;             ;
; Default hold multicycle                                                                              ; Same as Multicycle ;      ;    ;             ;
; Cut paths between unrelated clock domains                                                            ; On                 ;      ;    ;             ;
; Cut off read during write signal paths                                                               ; On                 ;      ;    ;             ;
; Cut off feedback from I/O pins                                                                       ; On                 ;      ;    ;             ;
; Report Combined Fast/Slow Timing                                                                     ; Off                ;      ;    ;             ;
; Ignore Clock Settings                                                                                ; Off                ;      ;    ;             ;
; Analyze latches as synchronous elements                                                              ; On                 ;      ;    ;             ;
; Enable Recovery/Removal analysis                                                                     ; Off                ;      ;    ;             ;
; Enable Clock Latency                                                                                 ; Off                ;      ;    ;             ;
; Use TimeQuest Timing Analyzer                                                                        ; Off                ;      ;    ;             ;
; Number of source nodes to report per destination node                                                ; 10                 ;      ;    ;             ;
; Number of destination nodes to report                                                                ; 10                 ;      ;    ;             ;
; Number of paths to report                                                                            ; 200                ;      ;    ;             ;
; Report Minimum Timing Checks                                                                         ; Off                ;      ;    ;             ;
; Use Fast Timing Models                                                                               ; Off                ;      ;    ;             ;
; Report IO Paths Separately                                                                           ; Off                ;      ;    ;             ;
; Perform Multicorner Analysis                                                                         ; On                 ;      ;    ;             ;
; Reports the worst-case path for each clock domain and analysis                                       ; Off                ;      ;    ;             ;
; Reports worst-case timing paths for each clock domain and analysis                                   ; Off                ;      ;    ;             ;
; Specifies the maximum number of worst-case timing paths to report for each clock domain and analysis ; 100                ;      ;    ;             ;
; Removes common clock path pessimism (CCPP) during slack computation                                  ; Off                ;      ;    ;             ;
; Output I/O Timing Endpoint                                                                           ; Near End           ;      ;    ;             ;
+------------------------------------------------------------------------------------------------------+--------------------+------+----+-------------+


+------------------------------------------------------------------------------------------------------------------------------------------------------------------------------------+
; Clock Settings Summary                                                                                                                                                             ;
+-----------------+--------------------+----------+------------------+---------------+--------------+----------+-----------------------+---------------------+--------+--------------+
; Clock Node Name ; Clock Setting Name ; Type     ; Fmax Requirement ; Early Latency ; Late Latency ; Based on ; Multiply Base Fmax by ; Divide Base Fmax by ; Offset ; Phase offset ;
+-----------------+--------------------+----------+------------------+---------------+--------------+----------+-----------------------+---------------------+--------+--------------+
; CLK             ;                    ; User Pin ; None             ; 0.000 ns      ; 0.000 ns     ; --       ; N/A                   ; N/A                 ; N/A    ;              ;
+-----------------+--------------------+----------+------------------+---------------+--------------+----------+-----------------------+---------------------+--------+--------------+


Parallel compilation was disabled, but you have multiple processors available. Enable parallel compilation to reduce compilation time.
+-------------------------------------+
; Parallel Compilation                ;
+----------------------------+--------+
; Processors                 ; Number ;
+----------------------------+--------+
; Number detected on machine ; 6      ;
; Maximum allowed            ; 1      ;
+----------------------------+--------+


+--------------------------------------------------------------------------------------------------------------------------------------------------------------------------------------------------+
; Clock Setup: 'CLK'                                                                                                                                                                               ;
+-------+------------------------------------------------+--------------+--------------+------------+----------+-----------------------------+---------------------------+-------------------------+
; Slack ; Actual fmax (period)                           ; From         ; To           ; From Clock ; To Clock ; Required Setup Relationship ; Required Longest P2P Time ; Actual Longest P2P Time ;
+-------+------------------------------------------------+--------------+--------------+------------+----------+-----------------------------+---------------------------+-------------------------+
; N/A   ; Restricted to 500.00 MHz ( period = 2.000 ns ) ; 7474:inst|9  ; 7474:inst|9  ; CLK        ; CLK      ; None                        ; None                      ; 0.488 ns                ;
; N/A   ; Restricted to 500.00 MHz ( period = 2.000 ns ) ; 7474:inst|10 ; 7474:inst|10 ; CLK        ; CLK      ; None                        ; None                      ; 0.488 ns                ;
; N/A   ; Restricted to 500.00 MHz ( period = 2.000 ns ) ; 7474:inst|9  ; 7474:inst|10 ; CLK        ; CLK      ; None                        ; None                      ; 0.417 ns                ;
; N/A   ; Restricted to 500.00 MHz ( period = 2.000 ns ) ; 7474:inst|10 ; 7474:inst|9  ; CLK        ; CLK      ; None                        ; None                      ; 0.416 ns                ;
+-------+------------------------------------------------+--------------+--------------+------------+----------+-----------------------------+---------------------------+-------------------------+


+---------------------------------------------------------------------+
; tsu                                                                 ;
+-------+--------------+------------+-------+--------------+----------+
; Slack ; Required tsu ; Actual tsu ; From  ; To           ; To Clock ;
+-------+--------------+------------+-------+--------------+----------+
; N/A   ; None         ; 3.385 ns   ; ZERO  ; 7474:inst|9  ; CLK      ;
; N/A   ; None         ; 3.383 ns   ; ZERO  ; 7474:inst|10 ; CLK      ;
; N/A   ; None         ; 2.751 ns   ; START ; 7474:inst|9  ; CLK      ;
; N/A   ; None         ; 2.750 ns   ; START ; 7474:inst|10 ; CLK      ;
+-------+--------------+------------+-------+--------------+----------+


+----------------------------------------------------------------------------+
; tco                                                                        ;
+-------+--------------+------------+--------------+------------+------------+
; Slack ; Required tco ; Actual tco ; From         ; To         ; From Clock ;
+-------+--------------+------------+--------------+------------+------------+
; N/A   ; None         ; 7.116 ns   ; 7474:inst|10 ; Shift_En   ; CLK        ;
; N/A   ; None         ; 5.918 ns   ; 7474:inst|9  ; Initialize ; CLK        ;
; N/A   ; None         ; 5.591 ns   ; 7474:inst|9  ; Adder_En   ; CLK        ;
+-------+--------------+------------+--------------+------------+------------+


+------------------------------------------------------------------+
; tpd                                                              ;
+-------+-------------------+-----------------+-------+------------+
; Slack ; Required P2P Time ; Actual P2P Time ; From  ; To         ;
+-------+-------------------+-----------------+-------+------------+
; N/A   ; None              ; 8.367 ns        ; Q0    ; Adder_En   ;
; N/A   ; None              ; 7.629 ns        ; START ; Initialize ;
; N/A   ; None              ; 7.467 ns        ; START ; Adder_En   ;
+-------+-------------------+-----------------+-------+------------+


+---------------------------------------------------------------------------+
; th                                                                        ;
+---------------+-------------+-----------+-------+--------------+----------+
; Minimum Slack ; Required th ; Actual th ; From  ; To           ; To Clock ;
+---------------+-------------+-----------+-------+--------------+----------+
; N/A           ; None        ; -2.511 ns ; START ; 7474:inst|10 ; CLK      ;
; N/A           ; None        ; -2.512 ns ; START ; 7474:inst|9  ; CLK      ;
; N/A           ; None        ; -3.144 ns ; ZERO  ; 7474:inst|10 ; CLK      ;
; N/A           ; None        ; -3.146 ns ; ZERO  ; 7474:inst|9  ; CLK      ;
+---------------+-------------+-----------+-------+--------------+----------+


+--------------------------+
; Timing Analyzer Messages ;
+--------------------------+
Info: *******************************************************************
Info: Running Quartus II Classic Timing Analyzer
    Info: Version 9.1 Build 350 03/24/2010 Service Pack 2 SJ Web Edition
    Info: Processing started: Sun May 10 22:53:17 2020
Info: Command: quartus_tan --read_settings_files=off --write_settings_files=off df -c df --timing_analysis_only
Warning: Found pins functioning as undefined clocks and/or memory enables
    Info: Assuming node "CLK" is an undefined clock
Info: Clock "CLK" Internal fmax is restricted to 500.0 MHz between source register "7474:inst|9" and destination register "7474:inst|9"
    Info: fmax restricted to clock pin edge rate 2.0 ns. Expand message to see actual delay path.
        Info: + Longest register to register delay is 0.488 ns
            Info: 1: + IC(0.000 ns) + CELL(0.000 ns) = 0.000 ns; Loc. = LCFF_X37_Y2_N17; Fanout = 4; REG Node = '7474:inst|9'
            Info: 2: + IC(0.000 ns) + CELL(0.333 ns) = 0.333 ns; Loc. = LCCOMB_X37_Y2_N16; Fanout = 1; COMB Node = 'inst4'
            Info: 3: + IC(0.000 ns) + CELL(0.155 ns) = 0.488 ns; Loc. = LCFF_X37_Y2_N17; Fanout = 4; REG Node = '7474:inst|9'
            Info: Total cell delay = 0.488 ns ( 100.00 % )
        Info: - Smallest clock skew is 0.000 ns
            Info: + Shortest clock path from clock "CLK" to destination register is 2.500 ns
                Info: 1: + IC(0.000 ns) + CELL(0.854 ns) = 0.854 ns; Loc. = PIN_N20; Fanout = 1; CLK Node = 'CLK'
                Info: 2: + IC(0.343 ns) + CELL(0.000 ns) = 1.197 ns; Loc. = CLKCTRL_G3; Fanout = 2; COMB Node = 'CLK~clkctrl'
                Info: 3: + IC(0.685 ns) + CELL(0.618 ns) = 2.500 ns; Loc. = LCFF_X37_Y2_N17; Fanout = 4; REG Node = '7474:inst|9'
                Info: Total cell delay = 1.472 ns ( 58.88 % )
                Info: Total interconnect delay = 1.028 ns ( 41.12 % )
            Info: - Longest clock path from clock "CLK" to source register is 2.500 ns
                Info: 1: + IC(0.000 ns) + CELL(0.854 ns) = 0.854 ns; Loc. = PIN_N20; Fanout = 1; CLK Node = 'CLK'
                Info: 2: + IC(0.343 ns) + CELL(0.000 ns) = 1.197 ns; Loc. = CLKCTRL_G3; Fanout = 2; COMB Node = 'CLK~clkctrl'
                Info: 3: + IC(0.685 ns) + CELL(0.618 ns) = 2.500 ns; Loc. = LCFF_X37_Y2_N17; Fanout = 4; REG Node = '7474:inst|9'
                Info: Total cell delay = 1.472 ns ( 58.88 % )
                Info: Total interconnect delay = 1.028 ns ( 41.12 % )
        Info: + Micro clock to output delay of source is 0.094 ns
        Info: + Micro setup delay of destination is 0.090 ns
Info: tsu for register "7474:inst|9" (data pin = "ZERO", clock pin = "CLK") is 3.385 ns
    Info: + Longest pin to register delay is 5.795 ns
        Info: 1: + IC(0.000 ns) + CELL(0.827 ns) = 0.827 ns; Loc. = PIN_E7; Fanout = 2; PIN Node = 'ZERO'
        Info: 2: + IC(4.585 ns) + CELL(0.228 ns) = 5.640 ns; Loc. = LCCOMB_X37_Y2_N16; Fanout = 1; COMB Node = 'inst4'
        Info: 3: + IC(0.000 ns) + CELL(0.155 ns) = 5.795 ns; Loc. = LCFF_X37_Y2_N17; Fanout = 4; REG Node = '7474:inst|9'
        Info: Total cell delay = 1.210 ns ( 20.88 % )
        Info: Total interconnect delay = 4.585 ns ( 79.12 % )
    Info: + Micro setup delay of destination is 0.090 ns
    Info: - Shortest clock path from clock "CLK" to destination register is 2.500 ns
        Info: 1: + IC(0.000 ns) + CELL(0.854 ns) = 0.854 ns; Loc. = PIN_N20; Fanout = 1; CLK Node = 'CLK'
        Info: 2: + IC(0.343 ns) + CELL(0.000 ns) = 1.197 ns; Loc. = CLKCTRL_G3; Fanout = 2; COMB Node = 'CLK~clkctrl'
        Info: 3: + IC(0.685 ns) + CELL(0.618 ns) = 2.500 ns; Loc. = LCFF_X37_Y2_N17; Fanout = 4; REG Node = '7474:inst|9'
        Info: Total cell delay = 1.472 ns ( 58.88 % )
        Info: Total interconnect delay = 1.028 ns ( 41.12 % )
Info: tco from clock "CLK" to destination pin "Shift_En" through register "7474:inst|10" is 7.116 ns
    Info: + Longest clock path from clock "CLK" to source register is 2.500 ns
        Info: 1: + IC(0.000 ns) + CELL(0.854 ns) = 0.854 ns; Loc. = PIN_N20; Fanout = 1; CLK Node = 'CLK'
        Info: 2: + IC(0.343 ns) + CELL(0.000 ns) = 1.197 ns; Loc. = CLKCTRL_G3; Fanout = 2; COMB Node = 'CLK~clkctrl'
        Info: 3: + IC(0.685 ns) + CELL(0.618 ns) = 2.500 ns; Loc. = LCFF_X37_Y2_N21; Fanout = 3; REG Node = '7474:inst|10'
        Info: Total cell delay = 1.472 ns ( 58.88 % )
        Info: Total interconnect delay = 1.028 ns ( 41.12 % )
    Info: + Micro clock to output delay of source is 0.094 ns
    Info: + Longest register to pin delay is 4.522 ns
        Info: 1: + IC(0.000 ns) + CELL(0.000 ns) = 0.000 ns; Loc. = LCFF_X37_Y2_N21; Fanout = 3; REG Node = '7474:inst|10'
        Info: 2: + IC(2.590 ns) + CELL(1.932 ns) = 4.522 ns; Loc. = PIN_H9; Fanout = 0; PIN Node = 'Shift_En'
        Info: Total cell delay = 1.932 ns ( 42.72 % )
        Info: Total interconnect delay = 2.590 ns ( 57.28 % )
Info: Longest tpd from source pin "Q0" to destination pin "Adder_En" is 8.367 ns
    Info: 1: + IC(0.000 ns) + CELL(0.837 ns) = 0.837 ns; Loc. = PIN_Y14; Fanout = 1; PIN Node = 'Q0'
    Info: 2: + IC(4.841 ns) + CELL(0.228 ns) = 5.906 ns; Loc. = LCCOMB_X37_Y2_N18; Fanout = 1; COMB Node = 'inst2'
    Info: 3: + IC(0.499 ns) + CELL(1.962 ns) = 8.367 ns; Loc. = PIN_W7; Fanout = 0; PIN Node = 'Adder_En'
    Info: Total cell delay = 3.027 ns ( 36.18 % )
    Info: Total interconnect delay = 5.340 ns ( 63.82 % )
Info: th for register "7474:inst|10" (data pin = "START", clock pin = "CLK") is -2.511 ns
    Info: + Longest clock path from clock "CLK" to destination register is 2.500 ns
        Info: 1: + IC(0.000 ns) + CELL(0.854 ns) = 0.854 ns; Loc. = PIN_N20; Fanout = 1; CLK Node = 'CLK'
        Info: 2: + IC(0.343 ns) + CELL(0.000 ns) = 1.197 ns; Loc. = CLKCTRL_G3; Fanout = 2; COMB Node = 'CLK~clkctrl'
        Info: 3: + IC(0.685 ns) + CELL(0.618 ns) = 2.500 ns; Loc. = LCFF_X37_Y2_N21; Fanout = 3; REG Node = '7474:inst|10'
        Info: Total cell delay = 1.472 ns ( 58.88 % )
        Info: Total interconnect delay = 1.028 ns ( 41.12 % )
    Info: + Micro hold delay of destination is 0.149 ns
    Info: - Shortest pin to register delay is 5.160 ns
        Info: 1: + IC(0.000 ns) + CELL(0.827 ns) = 0.827 ns; Loc. = PIN_U6; Fanout = 4; PIN Node = 'START'
        Info: 2: + IC(3.812 ns) + CELL(0.366 ns) = 5.005 ns; Loc. = LCCOMB_X37_Y2_N20; Fanout = 1; COMB Node = 'inst5'
        Info: 3: + IC(0.000 ns) + CELL(0.155 ns) = 5.160 ns; Loc. = LCFF_X37_Y2_N21; Fanout = 3; REG Node = '7474:inst|10'
        Info: Total cell delay = 1.348 ns ( 26.12 % )
        Info: Total interconnect delay = 3.812 ns ( 73.88 % )
Info: Quartus II Classic Timing Analyzer was successful. 0 errors, 1 warning
    Info: Peak virtual memory: 216 megabytes
    Info: Processing ended: Sun May 10 22:53:18 2020
    Info: Elapsed time: 00:00:01
    Info: Total CPU time (on all processors): 00:00:01


