Flow report for Traffic_Light
Fri Jun 04 14:49:59 2021
Quartus II Version 9.1 Build 350 03/24/2010 Service Pack 2 SJ Web Edition


---------------------
; Table of Contents ;
---------------------
  1. Legal Notice
  2. Flow Summary
  3. Flow Settings
  4. Flow Non-Default Global Settings
  5. Flow Elapsed Time
  6. Flow OS Summary
  7. Flow Log



----------------
; Legal Notice ;
----------------
Copyright (C) 1991-2010 Altera Corporation
Your use of Altera Corporation's design tools, logic functions 
and other software and tools, and its AMPP partner logic 
functions, and any output files from any of the foregoing 
(including device programming or simulation files), and any 
associated documentation or information are expressly subject 
to the terms and conditions of the Altera Program License 
Subscription Agreement, Altera MegaCore Function License 
Agreement, or other applicable license agreement, including, 
without limitation, that your use is for the sole purpose of 
programming logic devices manufactured by Altera and sold by 
Altera or its authorized distributors.  Please refer to the 
applicable agreement for further details.



+-----------------------------------------------------------------------------------+
; Flow Summary                                                                      ;
+------------------------------------+----------------------------------------------+
; Flow Status                        ; Successful - Fri Jun 04 14:49:58 2021        ;
; Quartus II Version                 ; 9.1 Build 350 03/24/2010 SP 2 SJ Web Edition ;
; Revision Name                      ; Traffic_Light                                ;
; Top-level Entity Name              ; Traffic_Light_2                              ;
; Family                             ; Cyclone II                                   ;
; Device                             ; EP2C8Q208C8                                  ;
; Timing Models                      ; Final                                        ;
; Met timing requirements            ; No                                           ;
; Total logic elements               ; 72 / 8,256 ( < 1 % )                         ;
;     Total combinational functions  ; 72 / 8,256 ( < 1 % )                         ;
;     Dedicated logic registers      ; 22 / 8,256 ( < 1 % )                         ;
; Total registers                    ; 22                                           ;
; Total pins                         ; 26 / 138 ( 19 % )                            ;
; Total virtual pins                 ; 0                                            ;
; Total memory bits                  ; 0 / 165,888 ( 0 % )                          ;
; Embedded Multiplier 9-bit elements ; 0 / 36 ( 0 % )                               ;
; Total PLLs                         ; 0 / 2 ( 0 % )                                ;
+------------------------------------+----------------------------------------------+


+-----------------------------------------+
; Flow Settings                           ;
+-------------------+---------------------+
; Option            ; Setting             ;
+-------------------+---------------------+
; Start date & time ; 06/04/2021 14:49:45 ;
; Main task         ; Compilation         ;
; Revision Name     ; Traffic_Light       ;
+-------------------+---------------------+


+-----------------------------------------------------------------------------------------------------------------------+
; Flow Non-Default Global Settings                                                                                      ;
+------------------------------------+-------------------------------+---------------+-----------------+----------------+
; Assignment Name                    ; Value                         ; Default Value ; Entity Name     ; Section Id     ;
+------------------------------------+-------------------------------+---------------+-----------------+----------------+
; COMPILER_SIGNATURE_ID              ; 5025750578584.162278938508020 ; --            ; --              ; --             ;
; IP_TOOL_NAME                       ; LPM_MUX                       ; --            ; --              ; --             ;
; IP_TOOL_VERSION                    ; 9.1                           ; --            ; --              ; --             ;
; MAX_CORE_JUNCTION_TEMP             ; 85                            ; --            ; --              ; --             ;
; MIN_CORE_JUNCTION_TEMP             ; 0                             ; --            ; --              ; --             ;
; MISC_FILE                          ; lpm_mux0.tdf                  ; --            ; --              ; --             ;
; MISC_FILE                          ; lpm_mux0.bsf                  ; --            ; --              ; --             ;
; MISC_FILE                          ; lpm_mux0.inc                  ; --            ; --              ; --             ;
; PARTITION_COLOR                    ; 16764057                      ; --            ; Traffic_Light_2 ; Top            ;
; PARTITION_NETLIST_TYPE             ; SOURCE                        ; --            ; Traffic_Light_2 ; Top            ;
; TOP_LEVEL_ENTITY                   ; Traffic_Light_2               ; Traffic_Light ; --              ; --             ;
; USE_GENERATED_PHYSICAL_CONSTRAINTS ; Off                           ; --            ; --              ; eda_blast_fpga ;
+------------------------------------+-------------------------------+---------------+-----------------+----------------+


+-----------------------------------------------------------------------------------------------------------------------------+
; Flow Elapsed Time                                                                                                           ;
+-------------------------+--------------+-------------------------+---------------------+------------------------------------+
; Module Name             ; Elapsed Time ; Average Processors Used ; Peak Virtual Memory ; Total CPU Time (on all processors) ;
+-------------------------+--------------+-------------------------+---------------------+------------------------------------+
; Analysis & Synthesis    ; 00:00:02     ; 1.0                     ; 227 MB              ; 00:00:04                           ;
; Fitter                  ; 00:00:05     ; 1.0                     ; 230 MB              ; 00:00:09                           ;
; Assembler               ; 00:00:01     ; 1.0                     ; 205 MB              ; 00:00:02                           ;
; Classic Timing Analyzer ; 00:00:01     ; 1.0                     ; 159 MB              ; 00:00:02                           ;
; Total                   ; 00:00:09     ; --                      ; --                  ; 00:00:17                           ;
+-------------------------+--------------+-------------------------+---------------------+------------------------------------+


+------------------------------------------------------------------------------------------+
; Flow OS Summary                                                                          ;
+-------------------------+------------------+---------------+------------+----------------+
; Module Name             ; Machine Hostname ; OS Name       ; OS Version ; Processor type ;
+-------------------------+------------------+---------------+------------+----------------+
; Analysis & Synthesis    ; λήµΔ±¤ΐέ         ; Windows Vista ; 6.2        ; x86_64         ;
; Fitter                  ; λήµΔ±¤ΐέ         ; Windows Vista ; 6.2        ; x86_64         ;
; Assembler               ; λήµΔ±¤ΐέ         ; Windows Vista ; 6.2        ; x86_64         ;
; Classic Timing Analyzer ; λήµΔ±¤ΐέ         ; Windows Vista ; 6.2        ; x86_64         ;
+-------------------------+------------------+---------------+------------+----------------+


------------
; Flow Log ;
------------
quartus_map --read_settings_files=on --write_settings_files=off Traffic_Light -c Traffic_Light
quartus_fit --read_settings_files=off --write_settings_files=off Traffic_Light -c Traffic_Light
quartus_asm --read_settings_files=off --write_settings_files=off Traffic_Light -c Traffic_Light
quartus_tan --read_settings_files=off --write_settings_files=off Traffic_Light -c Traffic_Light --timing_analysis_only



