Analysis & Synthesis report for Traffic_Light
Fri Jun 04 14:49:47 2021
Quartus II Version 9.1 Build 350 03/24/2010 Service Pack 2 SJ Web Edition


---------------------
; Table of Contents ;
---------------------
  1. Legal Notice
  2. Analysis & Synthesis Summary
  3. Analysis & Synthesis Settings
  4. Parallel Compilation
  5. Analysis & Synthesis Source Files Read
  6. Analysis & Synthesis Resource Usage Summary
  7. Analysis & Synthesis Resource Utilization by Entity
  8. General Register Statistics
  9. Inverted Register Statistics
 10. Parameter Settings for User Entity Instance: lpm_mux0:inst11|lpm_mux:lpm_mux_component
 11. Parameter Settings for User Entity Instance: lpm_mux0:inst12|lpm_mux:lpm_mux_component
 12. Analysis & Synthesis Messages



----------------
; Legal Notice ;
----------------
Copyright (C) 1991-2010 Altera Corporation
Your use of Altera Corporation's design tools, logic functions 
and other software and tools, and its AMPP partner logic 
functions, and any output files from any of the foregoing 
(including device programming or simulation files), and any 
associated documentation or information are expressly subject 
to the terms and conditions of the Altera Program License 
Subscription Agreement, Altera MegaCore Function License 
Agreement, or other applicable license agreement, including, 
without limitation, that your use is for the sole purpose of 
programming logic devices manufactured by Altera and sold by 
Altera or its authorized distributors.  Please refer to the 
applicable agreement for further details.



+-----------------------------------------------------------------------------------+
; Analysis & Synthesis Summary                                                      ;
+------------------------------------+----------------------------------------------+
; Analysis & Synthesis Status        ; Successful - Fri Jun 04 14:49:47 2021        ;
; Quartus II Version                 ; 9.1 Build 350 03/24/2010 SP 2 SJ Web Edition ;
; Revision Name                      ; Traffic_Light                                ;
; Top-level Entity Name              ; Traffic_Light_2                              ;
; Family                             ; Cyclone II                                   ;
; Total logic elements               ; 74                                           ;
;     Total combinational functions  ; 72                                           ;
;     Dedicated logic registers      ; 22                                           ;
; Total registers                    ; 22                                           ;
; Total pins                         ; 26                                           ;
; Total virtual pins                 ; 0                                            ;
; Total memory bits                  ; 0                                            ;
; Embedded Multiplier 9-bit elements ; 0                                            ;
; Total PLLs                         ; 0                                            ;
+------------------------------------+----------------------------------------------+


+----------------------------------------------------------------------------------------------------------------------+
; Analysis & Synthesis Settings                                                                                        ;
+----------------------------------------------------------------------------+--------------------+--------------------+
; Option                                                                     ; Setting            ; Default Value      ;
+----------------------------------------------------------------------------+--------------------+--------------------+
; Device                                                                     ; EP2C8Q208C8        ;                    ;
; Top-level entity name                                                      ; Traffic_Light_2    ; Traffic_Light      ;
; Family name                                                                ; Cyclone II         ; Stratix II         ;
; Use Generated Physical Constraints File                                    ; Off                ;                    ;
; Use smart compilation                                                      ; Off                ; Off                ;
; Enable parallel Assembler and TimeQuest Timing Analyzer during compilation ; On                 ; On                 ;
; Enable compact report table                                                ; Off                ; Off                ;
; Restructure Multiplexers                                                   ; Auto               ; Auto               ;
; Create Debugging Nodes for IP Cores                                        ; Off                ; Off                ;
; Preserve fewer node names                                                  ; On                 ; On                 ;
; Disable OpenCore Plus hardware evaluation                                  ; Off                ; Off                ;
; Verilog Version                                                            ; Verilog_2001       ; Verilog_2001       ;
; VHDL Version                                                               ; VHDL_1993          ; VHDL_1993          ;
; State Machine Processing                                                   ; Auto               ; Auto               ;
; Safe State Machine                                                         ; Off                ; Off                ;
; Extract Verilog State Machines                                             ; On                 ; On                 ;
; Extract VHDL State Machines                                                ; On                 ; On                 ;
; Ignore Verilog initial constructs                                          ; Off                ; Off                ;
; Iteration limit for constant Verilog loops                                 ; 5000               ; 5000               ;
; Iteration limit for non-constant Verilog loops                             ; 250                ; 250                ;
; Add Pass-Through Logic to Inferred RAMs                                    ; On                 ; On                 ;
; Parallel Synthesis                                                         ; On                 ; On                 ;
; DSP Block Balancing                                                        ; Auto               ; Auto               ;
; NOT Gate Push-Back                                                         ; On                 ; On                 ;
; Power-Up Don't Care                                                        ; On                 ; On                 ;
; Remove Redundant Logic Cells                                               ; Off                ; Off                ;
; Remove Duplicate Registers                                                 ; On                 ; On                 ;
; Ignore CARRY Buffers                                                       ; Off                ; Off                ;
; Ignore CASCADE Buffers                                                     ; Off                ; Off                ;
; Ignore GLOBAL Buffers                                                      ; Off                ; Off                ;
; Ignore ROW GLOBAL Buffers                                                  ; Off                ; Off                ;
; Ignore LCELL Buffers                                                       ; Off                ; Off                ;
; Ignore SOFT Buffers                                                        ; On                 ; On                 ;
; Limit AHDL Integers to 32 Bits                                             ; Off                ; Off                ;
; Optimization Technique                                                     ; Balanced           ; Balanced           ;
; Carry Chain Length                                                         ; 70                 ; 70                 ;
; Auto Carry Chains                                                          ; On                 ; On                 ;
; Auto Open-Drain Pins                                                       ; On                 ; On                 ;
; Perform WYSIWYG Primitive Resynthesis                                      ; Off                ; Off                ;
; Auto ROM Replacement                                                       ; On                 ; On                 ;
; Auto RAM Replacement                                                       ; On                 ; On                 ;
; Auto Shift Register Replacement                                            ; Auto               ; Auto               ;
; Auto Clock Enable Replacement                                              ; On                 ; On                 ;
; Strict RAM Replacement                                                     ; Off                ; Off                ;
; Allow Synchronous Control Signals                                          ; On                 ; On                 ;
; Force Use of Synchronous Clear Signals                                     ; Off                ; Off                ;
; Auto RAM to Logic Cell Conversion                                          ; Off                ; Off                ;
; Auto Resource Sharing                                                      ; Off                ; Off                ;
; Allow Any RAM Size For Recognition                                         ; Off                ; Off                ;
; Allow Any ROM Size For Recognition                                         ; Off                ; Off                ;
; Allow Any Shift Register Size For Recognition                              ; Off                ; Off                ;
; Use LogicLock Constraints during Resource Balancing                        ; On                 ; On                 ;
; Ignore translate_off and synthesis_off directives                          ; Off                ; Off                ;
; Timing-Driven Synthesis                                                    ; Off                ; Off                ;
; Show Parameter Settings Tables in Synthesis Report                         ; On                 ; On                 ;
; Ignore Maximum Fan-Out Assignments                                         ; Off                ; Off                ;
; Synchronization Register Chain Length                                      ; 2                  ; 2                  ;
; PowerPlay Power Optimization                                               ; Normal compilation ; Normal compilation ;
; HDL message level                                                          ; Level2             ; Level2             ;
; Suppress Register Optimization Related Messages                            ; Off                ; Off                ;
; Number of Removed Registers Reported in Synthesis Report                   ; 5000               ; 5000               ;
; Number of Inverted Registers Reported in Synthesis Report                  ; 100                ; 100                ;
; Clock MUX Protection                                                       ; On                 ; On                 ;
; Auto Gated Clock Conversion                                                ; Off                ; Off                ;
; Block Design Naming                                                        ; Auto               ; Auto               ;
; SDC constraint protection                                                  ; Off                ; Off                ;
; Synthesis Effort                                                           ; Auto               ; Auto               ;
; Shift Register Replacement - Allow Asynchronous Clear Signal               ; On                 ; On                 ;
; Analysis & Synthesis Message Level                                         ; Medium             ; Medium             ;
; Disable Register Merging Across Hierarchies                                ; Auto               ; Auto               ;
; Resource Aware Inference For Block RAM                                     ; On                 ; On                 ;
+----------------------------------------------------------------------------+--------------------+--------------------+


Parallel compilation was disabled, but you have multiple processors available. Enable parallel compilation to reduce compilation time.
+-------------------------------------+
; Parallel Compilation                ;
+----------------------------+--------+
; Processors                 ; Number ;
+----------------------------+--------+
; Number detected on machine ; 6      ;
; Maximum allowed            ; 1      ;
+----------------------------+--------+


+------------------------------------------------------------------------------------------------------------------------------------------+
; Analysis & Synthesis Source Files Read                                                                                                   ;
+----------------------------------+-----------------+------------------------------------+------------------------------------------------+
; File Name with User-Entered Path ; Used in Netlist ; File Type                          ; File Name with Absolute Path                   ;
+----------------------------------+-----------------+------------------------------------+------------------------------------------------+
; Counter_down.bdf                 ; yes             ; User Block Diagram/Schematic File  ; D:/quartus/Counter_down.bdf                    ;
; State_machine_4.bdf              ; yes             ; User Block Diagram/Schematic File  ; D:/quartus/State_machine_4.bdf                 ;
; Light_controller.bdf             ; yes             ; User Block Diagram/Schematic File  ; D:/quartus/Light_controller.bdf                ;
; Traffic_Light_2.bdf              ; yes             ; User Block Diagram/Schematic File  ; D:/quartus/Traffic_Light_2.bdf                 ;
; 74192.bdf                        ; yes             ; Megafunction                       ; d:/quartus/libraries/others/maxplus2/74192.bdf ;
; lpm_mux0.tdf                     ; yes             ; Auto-Found Wizard-Generated File   ; D:/quartus/lpm_mux0.tdf                        ;
; lpm_mux.inc                      ; yes             ; Auto-Found AHDL File               ; d:/quartus/libraries/megafunctions/lpm_mux.inc ;
; lpm_mux.tdf                      ; yes             ; Megafunction                       ; d:/quartus/libraries/megafunctions/lpm_mux.tdf ;
; db/mux_umc.tdf                   ; yes             ; Auto-Generated Megafunction        ; D:/quartus/db/mux_umc.tdf                      ;
+----------------------------------+-----------------+------------------------------------+------------------------------------------------+


+--------------------------------------------------------------------------+
; Analysis & Synthesis Resource Usage Summary                              ;
+---------------------------------------------+----------------------------+
; Resource                                    ; Usage                      ;
+---------------------------------------------+----------------------------+
; Estimated Total logic elements              ; 74                         ;
;                                             ;                            ;
; Total combinational functions               ; 72                         ;
; Logic element usage by number of LUT inputs ;                            ;
;     -- 4 input functions                    ; 23                         ;
;     -- 3 input functions                    ; 18                         ;
;     -- <=2 input functions                  ; 31                         ;
;                                             ;                            ;
; Logic elements by mode                      ;                            ;
;     -- normal mode                          ; 72                         ;
;     -- arithmetic mode                      ; 0                          ;
;                                             ;                            ;
; Total registers                             ; 22                         ;
;     -- Dedicated logic registers            ; 22                         ;
;     -- I/O registers                        ; 0                          ;
;                                             ;                            ;
; I/O pins                                    ; 26                         ;
; Maximum fan-out node                        ; Counter_down:inst25|inst22 ;
; Maximum fan-out                             ; 16                         ;
; Total fan-out                               ; 285                        ;
; Average fan-out                             ; 2.38                       ;
+---------------------------------------------+----------------------------+


+--------------------------------------------------------------------------------------------------------------------------------------------------------------------------------------------------------------------------------------------------+
; Analysis & Synthesis Resource Utilization by Entity                                                                                                                                                                                              ;
+-----------------------------------+-------------------+--------------+-------------+--------------+---------+-----------+------+--------------+-----------------------------------------------------------------------------------+--------------+
; Compilation Hierarchy Node        ; LC Combinationals ; LC Registers ; Memory Bits ; DSP Elements ; DSP 9x9 ; DSP 18x18 ; Pins ; Virtual Pins ; Full Hierarchy Name                                                               ; Library Name ;
+-----------------------------------+-------------------+--------------+-------------+--------------+---------+-----------+------+--------------+-----------------------------------------------------------------------------------+--------------+
; |Traffic_Light_2                  ; 72 (4)            ; 22 (2)       ; 0           ; 0            ; 0       ; 0         ; 26   ; 0            ; |Traffic_Light_2                                                                  ; work         ;
;    |Counter_down:inst25|          ; 29 (2)            ; 9 (1)        ; 0           ; 0            ; 0       ; 0         ; 0    ; 0            ; |Traffic_Light_2|Counter_down:inst25                                              ;              ;
;       |74192:inst16|              ; 15 (15)           ; 4 (4)        ; 0           ; 0            ; 0       ; 0         ; 0    ; 0            ; |Traffic_Light_2|Counter_down:inst25|74192:inst16                                 ; work         ;
;       |74192:inst17|              ; 12 (12)           ; 4 (4)        ; 0           ; 0            ; 0       ; 0         ; 0    ; 0            ; |Traffic_Light_2|Counter_down:inst25|74192:inst17                                 ; work         ;
;    |Counter_down:inst26|          ; 29 (2)            ; 9 (1)        ; 0           ; 0            ; 0       ; 0         ; 0    ; 0            ; |Traffic_Light_2|Counter_down:inst26                                              ; work         ;
;       |74192:inst16|              ; 15 (15)           ; 4 (4)        ; 0           ; 0            ; 0       ; 0         ; 0    ; 0            ; |Traffic_Light_2|Counter_down:inst26|74192:inst16                                 ; work         ;
;       |74192:inst17|              ; 12 (12)           ; 4 (4)        ; 0           ; 0            ; 0       ; 0         ; 0    ; 0            ; |Traffic_Light_2|Counter_down:inst26|74192:inst17                                 ; work         ;
;    |Light_controller:inst|        ; 6 (6)             ; 0 (0)        ; 0           ; 0            ; 0       ; 0         ; 0    ; 0            ; |Traffic_Light_2|Light_controller:inst                                            ; work         ;
;    |State_machine_4:inst1|        ; 2 (2)             ; 2 (2)        ; 0           ; 0            ; 0       ; 0         ; 0    ; 0            ; |Traffic_Light_2|State_machine_4:inst1                                            ; work         ;
;    |lpm_mux0:inst11|              ; 1 (0)             ; 0 (0)        ; 0           ; 0            ; 0       ; 0         ; 0    ; 0            ; |Traffic_Light_2|lpm_mux0:inst11                                                  ; work         ;
;       |lpm_mux:lpm_mux_component| ; 1 (0)             ; 0 (0)        ; 0           ; 0            ; 0       ; 0         ; 0    ; 0            ; |Traffic_Light_2|lpm_mux0:inst11|lpm_mux:lpm_mux_component                        ; work         ;
;          |mux_umc:auto_generated| ; 1 (1)             ; 0 (0)        ; 0           ; 0            ; 0       ; 0         ; 0    ; 0            ; |Traffic_Light_2|lpm_mux0:inst11|lpm_mux:lpm_mux_component|mux_umc:auto_generated ; work         ;
;    |lpm_mux0:inst12|              ; 1 (0)             ; 0 (0)        ; 0           ; 0            ; 0       ; 0         ; 0    ; 0            ; |Traffic_Light_2|lpm_mux0:inst12                                                  ; work         ;
;       |lpm_mux:lpm_mux_component| ; 1 (0)             ; 0 (0)        ; 0           ; 0            ; 0       ; 0         ; 0    ; 0            ; |Traffic_Light_2|lpm_mux0:inst12|lpm_mux:lpm_mux_component                        ; work         ;
;          |mux_umc:auto_generated| ; 1 (1)             ; 0 (0)        ; 0           ; 0            ; 0       ; 0         ; 0    ; 0            ; |Traffic_Light_2|lpm_mux0:inst12|lpm_mux:lpm_mux_component|mux_umc:auto_generated ; work         ;
+-----------------------------------+-------------------+--------------+-------------+--------------+---------+-----------+------+--------------+-----------------------------------------------------------------------------------+--------------+
Note: For table entries with two numbers listed, the numbers in parentheses indicate the number of resources of the given type used by the specific entity alone. The numbers listed outside of parentheses indicate the total resources of the given type used by the specific entity and all of its sub-entities in the hierarchy.


+------------------------------------------------------+
; General Register Statistics                          ;
+----------------------------------------------+-------+
; Statistic                                    ; Value ;
+----------------------------------------------+-------+
; Total registers                              ; 22    ;
; Number of registers using Synchronous Clear  ; 0     ;
; Number of registers using Synchronous Load   ; 0     ;
; Number of registers using Asynchronous Clear ; 18    ;
; Number of registers using Asynchronous Load  ; 0     ;
; Number of registers using Clock Enable       ; 0     ;
; Number of registers using Preset             ; 0     ;
+----------------------------------------------+-------+


+--------------------------------------------------+
; Inverted Register Statistics                     ;
+----------------------------------------+---------+
; Inverted Register                      ; Fan out ;
+----------------------------------------+---------+
; Counter_down:inst25|74192:inst16|25    ; 6       ;
; Counter_down:inst26|74192:inst16|25    ; 6       ;
; Total number of inverted registers = 2 ;         ;
+----------------------------------------+---------+


+----------------------------------------------------------------------------------------+
; Parameter Settings for User Entity Instance: lpm_mux0:inst11|lpm_mux:lpm_mux_component ;
+------------------------+------------+--------------------------------------------------+
; Parameter Name         ; Value      ; Type                                             ;
+------------------------+------------+--------------------------------------------------+
; AUTO_CARRY_CHAINS      ; ON         ; AUTO_CARRY                                       ;
; IGNORE_CARRY_BUFFERS   ; OFF        ; IGNORE_CARRY                                     ;
; AUTO_CASCADE_CHAINS    ; ON         ; AUTO_CASCADE                                     ;
; IGNORE_CASCADE_BUFFERS ; OFF        ; IGNORE_CASCADE                                   ;
; LPM_WIDTH              ; 8          ; Untyped                                          ;
; LPM_SIZE               ; 3          ; Untyped                                          ;
; LPM_WIDTHS             ; 2          ; Untyped                                          ;
; LPM_PIPELINE           ; 0          ; Untyped                                          ;
; CBXI_PARAMETER         ; mux_umc    ; Untyped                                          ;
; DEVICE_FAMILY          ; Cyclone II ; Untyped                                          ;
+------------------------+------------+--------------------------------------------------+
Note: In order to hide this table in the UI and the text report file, please set the "Show Parameter Settings Tables in Synthesis Report" option in "Analysis and Synthesis Settings -> More Settings" to "Off".


+----------------------------------------------------------------------------------------+
; Parameter Settings for User Entity Instance: lpm_mux0:inst12|lpm_mux:lpm_mux_component ;
+------------------------+------------+--------------------------------------------------+
; Parameter Name         ; Value      ; Type                                             ;
+------------------------+------------+--------------------------------------------------+
; AUTO_CARRY_CHAINS      ; ON         ; AUTO_CARRY                                       ;
; IGNORE_CARRY_BUFFERS   ; OFF        ; IGNORE_CARRY                                     ;
; AUTO_CASCADE_CHAINS    ; ON         ; AUTO_CASCADE                                     ;
; IGNORE_CASCADE_BUFFERS ; OFF        ; IGNORE_CASCADE                                   ;
; LPM_WIDTH              ; 8          ; Untyped                                          ;
; LPM_SIZE               ; 3          ; Untyped                                          ;
; LPM_WIDTHS             ; 2          ; Untyped                                          ;
; LPM_PIPELINE           ; 0          ; Untyped                                          ;
; CBXI_PARAMETER         ; mux_umc    ; Untyped                                          ;
; DEVICE_FAMILY          ; Cyclone II ; Untyped                                          ;
+------------------------+------------+--------------------------------------------------+
Note: In order to hide this table in the UI and the text report file, please set the "Show Parameter Settings Tables in Synthesis Report" option in "Analysis and Synthesis Settings -> More Settings" to "Off".


+-------------------------------+
; Analysis & Synthesis Messages ;
+-------------------------------+
Info: *******************************************************************
Info: Running Quartus II Analysis & Synthesis
    Info: Version 9.1 Build 350 03/24/2010 Service Pack 2 SJ Web Edition
    Info: Processing started: Fri Jun 04 14:49:44 2021
Info: Command: quartus_map --read_settings_files=on --write_settings_files=off Traffic_Light -c Traffic_Light
Info: Found 1 design units, including 1 entities, in source file counter_down.bdf
    Info: Found entity 1: Counter_down
Info: Found 1 design units, including 1 entities, in source file traffic_light_1.bdf
    Info: Found entity 1: Traffic_Light_1
Info: Found 1 design units, including 1 entities, in source file state_machine_4.bdf
    Info: Found entity 1: State_machine_4
Info: Found 1 design units, including 1 entities, in source file light_controller.bdf
    Info: Found entity 1: Light_controller
Info: Found 1 design units, including 1 entities, in source file traffic_light_2.bdf
    Info: Found entity 1: Traffic_Light_2
Info: Elaborating entity "Traffic_Light_2" for the top level hierarchy
Info: Elaborating entity "Counter_down" for hierarchy "Counter_down:inst25"
Info: Elaborating entity "74192" for hierarchy "Counter_down:inst25|74192:inst17"
Info: Elaborated megafunction instantiation "Counter_down:inst25|74192:inst17"
Warning: Using design file lpm_mux0.tdf, which is not specified as a design file for the current project, but contains definitions for 1 design units and 1 entities in project
    Info: Found entity 1: lpm_mux0
Info: Elaborating entity "lpm_mux0" for hierarchy "lpm_mux0:inst11"
Info: Elaborating entity "lpm_mux" for hierarchy "lpm_mux0:inst11|lpm_mux:lpm_mux_component"
Info: Elaborated megafunction instantiation "lpm_mux0:inst11|lpm_mux:lpm_mux_component"
Info: Instantiated megafunction "lpm_mux0:inst11|lpm_mux:lpm_mux_component" with the following parameter:
    Info: Parameter "LPM_TYPE" = "LPM_MUX"
    Info: Parameter "LPM_WIDTH" = "8"
    Info: Parameter "LPM_SIZE" = "3"
    Info: Parameter "LPM_WIDTHS" = "2"
Info: Found 1 design units, including 1 entities, in source file db/mux_umc.tdf
    Info: Found entity 1: mux_umc
Info: Elaborating entity "mux_umc" for hierarchy "lpm_mux0:inst11|lpm_mux:lpm_mux_component|mux_umc:auto_generated"
Info: Elaborating entity "State_machine_4" for hierarchy "State_machine_4:inst1"
Info: Elaborating entity "lpm_mux0" for hierarchy "lpm_mux0:inst12"
Info: Elaborating entity "Light_controller" for hierarchy "Light_controller:inst"
Info: Registers with preset signals will power-up high
Info: DEV_CLRn pin will set, and not reset, register with preset signal due to NOT Gate Push-Back
Warning: Presettable and clearable registers converted to equivalent circuits with latches. Registers power-up to an undefined state, and DEVCLRn places the registers in an undefined state.
    Warning (13310): Register "Counter_down:inst25|74192:inst16|26" is converted into an equivalent circuit using register "Counter_down:inst25|74192:inst16|26~_emulated" and latch "Counter_down:inst25|74192:inst16|26~latch"
    Warning (13310): Register "Counter_down:inst25|74192:inst16|24" is converted into an equivalent circuit using register "Counter_down:inst25|74192:inst16|24~_emulated" and latch "Counter_down:inst25|74192:inst16|24~latch"
    Warning (13310): Register "Counter_down:inst25|74192:inst16|23" is converted into an equivalent circuit using register "Counter_down:inst25|74192:inst16|23~_emulated" and latch "Counter_down:inst25|74192:inst16|26~latch"
    Warning (13310): Register "Counter_down:inst25|74192:inst17|26" is converted into an equivalent circuit using register "Counter_down:inst25|74192:inst17|26~_emulated" and latch "Counter_down:inst25|74192:inst17|26~latch"
    Warning (13310): Register "Counter_down:inst25|74192:inst17|25" is converted into an equivalent circuit using register "Counter_down:inst25|74192:inst17|25~_emulated" and latch "Counter_down:inst25|74192:inst16|26~latch"
    Warning (13310): Register "Counter_down:inst26|74192:inst16|26" is converted into an equivalent circuit using register "Counter_down:inst26|74192:inst16|26~_emulated" and latch "Counter_down:inst26|74192:inst16|26~latch"
    Warning (13310): Register "Counter_down:inst26|74192:inst16|24" is converted into an equivalent circuit using register "Counter_down:inst26|74192:inst16|24~_emulated" and latch "Counter_down:inst26|74192:inst16|24~latch"
    Warning (13310): Register "Counter_down:inst26|74192:inst16|23" is converted into an equivalent circuit using register "Counter_down:inst26|74192:inst16|23~_emulated" and latch "Counter_down:inst26|74192:inst16|24~latch"
    Warning (13310): Register "Counter_down:inst26|74192:inst17|26" is converted into an equivalent circuit using register "Counter_down:inst26|74192:inst17|26~_emulated" and latch "Counter_down:inst26|74192:inst17|26~latch"
    Warning (13310): Register "Counter_down:inst26|74192:inst17|25" is converted into an equivalent circuit using register "Counter_down:inst26|74192:inst17|25~_emulated" and latch "Counter_down:inst26|74192:inst16|24~latch"
Info: Implemented 100 device resources after synthesis - the final resource count might be different
    Info: Implemented 4 input pins
    Info: Implemented 22 output pins
    Info: Implemented 74 logic cells
Info: Quartus II Analysis & Synthesis was successful. 0 errors, 12 warnings
    Info: Peak virtual memory: 227 megabytes
    Info: Processing ended: Fri Jun 04 14:49:47 2021
    Info: Elapsed time: 00:00:03
    Info: Total CPU time (on all processors): 00:00:04


